<?xml version="1.0" encoding="UTF-8"?>
<testsuite xmlns:xsi="http://www.w3.org/2001/XMLSchema-instance" xsi:noNamespaceSchemaLocation="https://maven.apache.org/surefire/maven-surefire-plugin/xsd/surefire-test-report-3.0.xsd" version="3.0" name="io.github.vipxieliang.validx.research.CreditCardNumberLengthTest" time="0.001" tests="1" errors="0" skipped="0" failures="0">
  <properties>
[...]
</properties>
  <testcase name="testCreditCardNumberRange" classname="io.github.vipxieliang.validx.research.CreditCardNumberLengthTest" time="0.001">
    <system-out><![CDATA[========== 数值类型范围分析 ==========

Long.MAX_VALUE: 9223372036854775807
Long.MAX_VALUE 位数: 19 位

信用卡号长度范围: 13-19 位

信用卡号示例：
  4111111111111 (13位)
    → 可以转换为 Long: 4111111111111
  4111111111111111 (16位)
    → 可以转换为 Long: 4111111111111111
  371449635398431 (15位)
    → 可以转换为 Long: 371449635398431
  6011111111111117 (16位)
    → 可以转换为 Long: 6011111111111117
  1234567890123456789 (19位)
    → 可以转换为 Long: 1234567890123456789

========== 结论 ==========
19位数字最大值: 9999999999999999999
❌ 超出 Long 范围！
原因: For input string: "9999999999999999999"

Long.MAX_VALUE =     9223372036854775807
19位最大值     = 9999999999999999999

18位数字最大值: 999999999999999999
✅ 可以转换为 Long: 999999999999999999

结论:
- Long.MAX_VALUE 是 19 位数字
- 信用卡号最长 19 位
- 19位数字最大值 > Long.MAX_VALUE
- 因此信用卡号 **不能用 Long 类型存储**
- 必须使用 String 类型
]]></system-out>
  </testcase>
</testsuite>