<?xml version="1.0" encoding="UTF-8"?>
<testsuite xmlns:xsi="http://www.w3.org/2001/XMLSchema-instance" xsi:noNamespaceSchemaLocation="https://maven.apache.org/surefire/maven-surefire-plugin/xsd/surefire-test-report-3.0.xsd" version="3.0" name="io.github.vipxieliang.validx.chain.base.AlphaValidationChainTest" time="0.0" tests="3" errors="0" skipped="0" failures="0">
  <properties>
[...]
</properties>
  <testcase name="testNullAndEmptyAlpha" classname="io.github.vipxieliang.validx.chain.base.AlphaValidationChainTest" time="0.0"/>
  <testcase name="testValidAlpha" classname="io.github.vipxieliang.validx.chain.base.AlphaValidationChainTest" time="0.0"/>
  <testcase name="testInvalidAlpha" classname="io.github.vipxieliang.validx.chain.base.AlphaValidationChainTest" time="0.0"/>
</testsuite>